


ARM Macro Assembler    Page 1 


    1 00000000         
    2 00000000                 PRESERVE8
    3 00000000                 THUMB
    4 00000000         
    5 00000000         
    6 00000000         ; Vector Table Mapped to Address 0 at Reset
    7 00000000                 AREA             RESET, DATA, READONLY
    8 00000000                 EXPORT           __Vectors
    9 00000000                 IMPORT           HardFault_Handler
   10 00000000                 IMPORT           UsageFault_Handler
   11 00000000                 IMPORT           SVC_Handler
   12 00000000                 IMPORT           SysTick_Handler
   13 00000000                 IMPORT           Systick_Init
   14 00000000         
   15 00000000 00000000 
                       __Vectors
                               DCD              0           ; Top of Stack
   16 00000004 00000000        DCD              Reset_Handler ; Reset Handler
   17 00000008 00000000        DCD              0           ; NMI Handler
   18 0000000C 00000000        DCD              HardFault_Handler ; Hard Fault 
                                                            Handler
   19 00000010 00000000        DCD              0           ; MPU Fault Handler
                                                            
   20 00000014 00000000        DCD              0           ; Bus Fault Handler
                                                            
   21 00000018 00000000        DCD              UsageFault_Handler_asm ; Usage 
                                                            Fault Handler
   22 0000001C 00000000        DCD              0           ; Reserved
   23 00000020 00000000        DCD              0           ; Reserved
   24 00000024 00000000        DCD              0           ; Reserved
   25 00000028 00000000        DCD              0           ; Reserved
   26 0000002C 00000000        DCD              SVC_Handler ; SVCall Handler
   27 00000030 00000000        DCD              0           ; Debug Monitor Han
                                                            dler
   28 00000034 00000000        DCD              0           ; Reserved
   29 00000038 00000000        DCD              0           ; PendSV Handler
   30 0000003C 00000000        DCD              SysTick_Handler 
                                                            ; SysTick Handler
   31 00000040         
   32 00000040                 AREA             |.text|, CODE, READONLY
   33 00000000         
   34 00000000         ; Reset handler
   35 00000000         Reset_Handler
                               PROC
   36 00000000                 EXPORT           Reset_Handler             [WEAK
]
   37 00000000                 IMPORT           mymain
   38 00000000                 IMPORT           uart_init
   39 00000000                 IMPORT           SystemInit
   40 00000000                 IMPORT           UsageFaultInit
   41 00000000                 IMPORT           LedInit
   42 00000000         
   43 00000000 F8DF D03C       LDR              SP, =(0x20000000+0x10000)
   44 00000004         
   45 00000004 F7FF FFFE       BL               SystemInit
   46 00000008 F7FF FFFE       BL               uart_init
   47 0000000C F7FF FFFE       BL               UsageFaultInit
   48 00000010 F04F 0000       LDR              r0, =0
   49 00000014 F04F 3111       LDR              r1, =0x11111111



ARM Macro Assembler    Page 2 


   50 00000018 F04F 3222       LDR              r2, =0x22222222
   51 0000001C F04F 3333       LDR              r3, =0x33333333
   52 00000020 F04F 3C44       LDR              r12,=0x44444444
   53 00000024 F04F 3E55       LDR              lr, =0x55555555
   54 00000028 FFFFFFFF        DCD              0xffffffff
   55 0000002C DF01            SVC              #1
   56 0000002E         
   57 0000002E F7FF FFFE       BL               Systick_Init
   58 00000032 F7FF FFFE       BL               LedInit
   59 00000036         
   60 00000036         ;BL mymain
   61 00000036 4803            LDR              R0, =mymain
   62 00000038 4780            BLX              R0
   63 0000003A         
   64 0000003A                 ENDP
   65 0000003A         UsageFault_Handler_asm
                               PROC
   66 0000003A 4668            MOV              r0, sp
   67 0000003C F7FF BFFE       B                UsageFault_Handler
   68 00000040         
   69 00000040                 ENDP
   70 00000040                 END
              20010000 
              00000000 
Command Line: --debug --xref --diag_suppress=9931 --cpu=Cortex-M3 --apcs=interw
ork --depend=.\objects\start.d -o.\objects\start.o -Id:\CodeIDE\Keil_v5\Keil\ST
M32F1xx_DFP\2.3.0\Device\Include -Id:\CodeIDE\Keil_v5\ARM\CMSIS\Include --prede
fine="__UVISION_VERSION SETA 533" --predefine="STM32F10X_HD SETA 1" --list=.\li
stings\start.lst start.s



ARM Macro Assembler    Page 1 Alphabetic symbol ordering
Relocatable symbols

RESET 00000000

Symbol: RESET
   Definitions
      At line 7 in file start.s
   Uses
      None
Comment: RESET unused
__Vectors 00000000

Symbol: __Vectors
   Definitions
      At line 15 in file start.s
   Uses
      At line 8 in file start.s
Comment: __Vectors used once
2 symbols



ARM Macro Assembler    Page 1 Alphabetic symbol ordering
Relocatable symbols

.text 00000000

Symbol: .text
   Definitions
      At line 32 in file start.s
   Uses
      None
Comment: .text unused
Reset_Handler 00000000

Symbol: Reset_Handler
   Definitions
      At line 35 in file start.s
   Uses
      At line 16 in file start.s
      At line 36 in file start.s

UsageFault_Handler_asm 0000003A

Symbol: UsageFault_Handler_asm
   Definitions
      At line 65 in file start.s
   Uses
      At line 21 in file start.s
Comment: UsageFault_Handler_asm used once
3 symbols



ARM Macro Assembler    Page 1 Alphabetic symbol ordering
External symbols

HardFault_Handler 00000000

Symbol: HardFault_Handler
   Definitions
      At line 9 in file start.s
   Uses
      At line 18 in file start.s
Comment: HardFault_Handler used once
LedInit 00000000

Symbol: LedInit
   Definitions
      At line 41 in file start.s
   Uses
      At line 58 in file start.s
Comment: LedInit used once
SVC_Handler 00000000

Symbol: SVC_Handler
   Definitions
      At line 11 in file start.s
   Uses
      At line 26 in file start.s
Comment: SVC_Handler used once
SysTick_Handler 00000000

Symbol: SysTick_Handler
   Definitions
      At line 12 in file start.s
   Uses
      At line 30 in file start.s
Comment: SysTick_Handler used once
SystemInit 00000000

Symbol: SystemInit
   Definitions
      At line 39 in file start.s
   Uses
      At line 45 in file start.s
Comment: SystemInit used once
Systick_Init 00000000

Symbol: Systick_Init
   Definitions
      At line 13 in file start.s
   Uses
      At line 57 in file start.s
Comment: Systick_Init used once
UsageFaultInit 00000000

Symbol: UsageFaultInit
   Definitions
      At line 40 in file start.s
   Uses
      At line 47 in file start.s
Comment: UsageFaultInit used once
UsageFault_Handler 00000000

Symbol: UsageFault_Handler



ARM Macro Assembler    Page 2 Alphabetic symbol ordering
External symbols

   Definitions
      At line 10 in file start.s
   Uses
      At line 67 in file start.s
Comment: UsageFault_Handler used once
mymain 00000000

Symbol: mymain
   Definitions
      At line 37 in file start.s
   Uses
      At line 61 in file start.s
Comment: mymain used once
uart_init 00000000

Symbol: uart_init
   Definitions
      At line 38 in file start.s
   Uses
      At line 46 in file start.s
Comment: uart_init used once
10 symbols
349 symbols in table
